<?xml version="1.0" encoding="UTF-8"?>
<coverage generated="1454868578721" clover="3.2.0">
	<project timestamp="1454868578721"  name="All Files" >
		<metrics statements="38"  coveredstatements="38"  conditionals="49"  coveredconditionals="31"  methods="28"  coveredmethods="28"  elements="115"  coveredelements="97"  complexity="0"  packages="1"  files="4"  classes="4"  loc="138"  ncloc="138" />
		<package name="testExample" >
			<metrics statements="38"  coveredstatements="38"  conditionals="49"  coveredconditionals="31"  methods="28"  coveredmethods="28" />
			<file name="CheckboxWithLabel.js"  path="/Users/dobyeongsu/projects/goblin-alt/testExample/CheckboxWithLabel.js" >
				<metrics statements="9"  coveredstatements="9"  conditionals="33"  coveredconditionals="20"  methods="11"  coveredmethods="11" />
				<line num="1"  count="2"  type="cond"  truecount="18"  falsecount="13" />
				<line num="3"  count="1"  type="stmt" />
				<line num="5"  count="1"  type="stmt" />
				<line num="7"  count="1"  type="stmt" />
				<line num="12"  count="1"  type="stmt" />
				<line num="16"  count="1"  type="stmt" />
				<line num="20"  count="2"  type="stmt" />
				<line num="27"  count="1"  type="cond"  truecount="2"  falsecount="0" />
				<line num="33"  count="1"  type="stmt" />
			</file>
			<file name="displayUser.js"  path="/Users/dobyeongsu/projects/goblin-alt/testExample/displayUser.js" >
				<metrics statements="6"  coveredstatements="6"  conditionals="2"  coveredconditionals="1"  methods="2"  coveredmethods="2" />
				<line num="4"  count="1"  type="stmt" />
				<line num="5"  count="1"  type="stmt" />
				<line num="7"  count="1"  type="stmt" />
				<line num="8"  count="1"  type="stmt" />
				<line num="9"  count="1"  type="cond"  truecount="1"  falsecount="1" />
				<line num="10"  count="1"  type="stmt" />
			</file>
			<file name="fetch.js"  path="/Users/dobyeongsu/projects/goblin-alt/testExample/fetch.js" >
				<metrics statements="7"  coveredstatements="7"  conditionals="0"  coveredconditionals="0"  methods="3"  coveredmethods="3" />
				<line num="4"  count="2"  type="stmt" />
				<line num="6"  count="2"  type="stmt" />
				<line num="7"  count="1"  type="stmt" />
				<line num="13"  count="2"  type="stmt" />
				<line num="14"  count="1"  type="stmt" />
				<line num="18"  count="1"  type="stmt" />
				<line num="23"  count="2"  type="stmt" />
			</file>
			<file name="rectangle.js"  path="/Users/dobyeongsu/projects/goblin-alt/testExample/rectangle.js" >
				<metrics statements="16"  coveredstatements="16"  conditionals="14"  coveredconditionals="10"  methods="12"  coveredmethods="12" />
				<line num="8"  count="28"  type="cond"  truecount="6"  falsecount="4" />
				<line num="14"  count="28"  type="stmt" />
				<line num="15"  count="28"  type="stmt" />
				<line num="16"  count="24"  type="stmt" />
				<line num="28"  count="2"  type="stmt" />
				<line num="29"  count="8"  type="stmt" />
				<line num="40"  count="28"  type="cond"  truecount="2"  falsecount="0" />
				<line num="41"  count="4"  type="stmt" />
				<line num="44"  count="24"  type="stmt" />
				<line num="48"  count="8"  type="stmt" />
				<line num="52"  count="32"  type="cond"  truecount="2"  falsecount="0" />
				<line num="53"  count="6"  type="stmt" />
				<line num="56"  count="26"  type="stmt" />
				<line num="61"  count="2"  type="stmt" />
				<line num="66"  count="2"  type="stmt" />
				<line num="72"  count="2"  type="stmt" />
			</file>
		</package>
	</project>
</coverage>
