<?xml version="1.0" encoding="UTF-8"?>
<coverage generated="1454796741985" clover="3.2.0">
	<project timestamp="1454796741985"  name="All Files" >
		<metrics statements="13"  coveredstatements="13"  conditionals="4"  coveredconditionals="4"  methods="7"  coveredmethods="7"  elements="24"  coveredelements="24"  complexity="0"  packages="1"  files="1"  classes="1"  loc="72"  ncloc="72" />
		<package name="goblin-alt" >
			<metrics statements="13"  coveredstatements="13"  conditionals="4"  coveredconditionals="4"  methods="7"  coveredmethods="7" />
			<file name="rectangle.js"  path="/Users/dobyeongsu/projects/goblin-alt/rectangle.js" >
				<metrics statements="13"  coveredstatements="13"  conditionals="4"  coveredconditionals="4"  methods="7"  coveredmethods="7" />
				<line num="15"  count="56"  type="stmt" />
				<line num="16"  count="48"  type="stmt" />
				<line num="29"  count="24"  type="stmt" />
				<line num="40"  count="56"  type="cond"  truecount="2"  falsecount="0" />
				<line num="41"  count="8"  type="stmt" />
				<line num="44"  count="48"  type="stmt" />
				<line num="48"  count="24"  type="stmt" />
				<line num="52"  count="64"  type="cond"  truecount="2"  falsecount="0" />
				<line num="53"  count="12"  type="stmt" />
				<line num="56"  count="52"  type="stmt" />
				<line num="61"  count="8"  type="stmt" />
				<line num="66"  count="8"  type="stmt" />
				<line num="72"  count="4"  type="stmt" />
			</file>
		</package>
	</project>
</coverage>
