{
"/Users/dobyeongsu/projects/goblin-alt/rectangle.js":{"path":"/Users/dobyeongsu/projects/goblin-alt/rectangle.js","s":{"1":56,"2":48,"3":24,"4":56,"5":8,"6":48,"7":24,"8":64,"9":12,"10":52,"11":8,"12":8,"13":4},"b":{"1":[8,48],"2":[12,52]},"f":{"1":56,"2":24,"3":56,"4":24,"5":64,"6":8,"7":8},"fnMap":{"1":{"name":"(anonymous_1)","line":14,"loc":{"start":{"line":14,"column":15},"end":{"line":14,"column":31}}},"2":{"name":"(anonymous_2)","line":28,"loc":{"start":{"line":28,"column":14},"end":{"line":28,"column":17}}},"3":{"name":"(anonymous_3)","line":39,"loc":{"start":{"line":39,"column":14},"end":{"line":39,"column":22}}},"4":{"name":"(anonymous_4)","line":47,"loc":{"start":{"line":47,"column":13},"end":{"line":47,"column":16}}},"5":{"name":"(anonymous_5)","line":51,"loc":{"start":{"line":51,"column":13},"end":{"line":51,"column":21}}},"6":{"name":"(anonymous_6)","line":60,"loc":{"start":{"line":60,"column":12},"end":{"line":60,"column":15}}},"7":{"name":"(anonymous_7)","line":65,"loc":{"start":{"line":65,"column":21},"end":{"line":65,"column":24}}}},"statementMap":{"1":{"start":{"line":15,"column":8},"end":{"line":15,"column":27}},"2":{"start":{"line":16,"column":8},"end":{"line":16,"column":29}},"3":{"start":{"line":29,"column":8},"end":{"line":29,"column":28}},"4":{"start":{"line":40,"column":8},"end":{"line":42,"column":9}},"5":{"start":{"line":41,"column":12},"end":{"line":41,"column":58}},"6":{"start":{"line":44,"column":8},"end":{"line":44,"column":29}},"7":{"start":{"line":48,"column":8},"end":{"line":48,"column":27}},"8":{"start":{"line":52,"column":8},"end":{"line":54,"column":9}},"9":{"start":{"line":53,"column":12},"end":{"line":53,"column":57}},"10":{"start":{"line":56,"column":8},"end":{"line":56,"column":28}},"11":{"start":{"line":61,"column":8},"end":{"line":61,"column":40}},"12":{"start":{"line":66,"column":8},"end":{"line":66,"column":48}},"13":{"start":{"line":72,"column":0},"end":{"line":72,"column":27}}},"branchMap":{"1":{"line":40,"type":"if","locations":[{"start":{"line":40,"column":8},"end":{"line":40,"column":8}},{"start":{"line":40,"column":8},"end":{"line":40,"column":8}}]},"2":{"line":52,"type":"if","locations":[{"start":{"line":52,"column":8},"end":{"line":52,"column":8}},{"start":{"line":52,"column":8},"end":{"line":52,"column":8}}]}},"l":{"15":56,"16":48,"29":24,"40":56,"41":8,"44":48,"48":24,"52":64,"53":12,"56":52,"61":8,"66":8,"72":4}}}
