TN:
SF:/Users/dobyeongsu/projects/goblin-alt/rectangle.js
FN:14,(anonymous_1)
FN:28,(anonymous_2)
FN:39,(anonymous_3)
FN:47,(anonymous_4)
FN:51,(anonymous_5)
FN:60,(anonymous_6)
FN:65,(anonymous_7)
FNF:7
FNH:7
FNDA:28,(anonymous_1)
FNDA:12,(anonymous_2)
FNDA:28,(anonymous_3)
FNDA:12,(anonymous_4)
FNDA:32,(anonymous_5)
FNDA:4,(anonymous_6)
FNDA:4,(anonymous_7)
DA:15,28
DA:16,24
DA:29,12
DA:40,28
DA:41,4
DA:44,24
DA:48,12
DA:52,32
DA:53,6
DA:56,26
DA:61,4
DA:66,4
DA:72,2
LF:13
LH:13
BRDA:40,1,0,4
BRDA:40,1,1,24
BRDA:52,2,0,6
BRDA:52,2,1,26
BRF:4
BRH:4
end_of_record
