TN:
SF:/Users/dobyeongsu/projects/goblin-alt/rectangle.js
FN:14,(anonymous_1)
FN:28,(anonymous_2)
FN:39,(anonymous_3)
FN:47,(anonymous_4)
FN:51,(anonymous_5)
FN:60,(anonymous_6)
FN:65,(anonymous_7)
FNF:7
FNH:7
FNDA:14,(anonymous_1)
FNDA:6,(anonymous_2)
FNDA:14,(anonymous_3)
FNDA:6,(anonymous_4)
FNDA:16,(anonymous_5)
FNDA:2,(anonymous_6)
FNDA:2,(anonymous_7)
DA:15,14
DA:16,12
DA:29,6
DA:40,14
DA:41,2
DA:44,12
DA:48,6
DA:52,16
DA:53,3
DA:56,13
DA:61,2
DA:66,2
DA:72,1
LF:13
LH:13
BRDA:40,1,0,2
BRDA:40,1,1,12
BRDA:52,2,0,3
BRDA:52,2,1,13
BRF:4
BRH:4
end_of_record
